# JRE version: OpenJDK Runtime Environment (21.0.7+6) (build 21.0.7+6)
# Java VM: OpenJDK 64-Bit Server VM (21.0.7+6, mixed mode, sharing, tiered, compressed oops, compressed class ptrs, g1 gc, linux-amd64)
GC Precious Log:
 CardTable entry size: 512
 Card Set container configuration: InlinePtr #cards 4 size 8 Array Of Cards #cards 32 size 80 Howl #buckets 8 coarsen threshold 7372 Howl Bitmap #cards 1024 size 144 coarsen threshold 921 Card regions per heap region 1 cards per card region 8192
 CPUs: 16 total, 16 available
 Memory: 32014M
 Large Page Support: Disabled
 NUMA Support: Disabled
 Compressed Oops: Enabled (Zero based)
 Heap Region Size: 4M
 Heap Min Capacity: 8M
 Heap Initial Capacity: 504M
 Heap Max Capacity: 8004M
 Pre-touch: Disabled
 Parallel Workers: 13
 Concurrent Workers: 3
 Concurrent Refinement Workers: 13
 Periodic GC: Disabled
Heap:
 garbage-first heap   total 606208K, used 404517K [0x000000060bc00000, 0x0000000800000000)
  region size 4096K, 50 young (204800K), 11 survivors (45056K)
 Metaspace       used 105682K, committed 106880K, reserved 1179648K
  class space    used 15962K, committed 16512K, reserved 1048576K
GC Heap History (20 events):
Event: 3.251 GC heap before
{Heap before GC invocations=17 (full 0):
 garbage-first heap   total 327680K, used 278226K [0x000000060bc00000, 0x0000000800000000)
  region size 4096K, 48 young (196608K), 5 survivors (20480K)
 Metaspace       used 47863K, committed 48640K, reserved 1114112K
  class space    used 6231K, committed 6592K, reserved 1048576K
}
Event: 3.264 GC heap after
{Heap after GC invocations=18 (full 0):
 garbage-first heap   total 327680K, used 120336K [0x000000060bc00000, 0x0000000800000000)
  region size 4096K, 6 young (24576K), 6 survivors (24576K)
 Metaspace       used 47863K, committed 48640K, reserved 1114112K
  class space    used 6231K, committed 6592K, reserved 1048576K
}
Event: 3.423 GC heap before
{Heap before GC invocations=18 (full 0):
 garbage-first heap   total 327680K, used 284176K [0x000000060bc00000, 0x0000000800000000)
  region size 4096K, 46 young (188416K), 6 survivors (24576K)
 Metaspace       used 48714K, committed 49472K, reserved 1114112K
  class space    used 6395K, committed 6720K, reserved 1048576K
}
Event: 3.437 GC heap after
{Heap after GC invocations=19 (full 0):
 garbage-first heap   total 331776K, used 141006K [0x000000060bc00000, 0x0000000800000000)
  region size 4096K, 5 young (20480K), 5 survivors (20480K)
 Metaspace       used 48714K, committed 49472K, reserved 1114112K
  class space    used 6395K, committed 6720K, reserved 1048576K
}
Event: 3.892 GC heap before
{Heap before GC invocations=19 (full 0):
 garbage-first heap   total 331776K, used 288462K [0x000000060bc00000, 0x0000000800000000)
  region size 4096K, 41 young (167936K), 5 survivors (20480K)
 Metaspace       used 54534K, committed 55360K, reserved 1114112K
  class space    used 7285K, committed 7616K, reserved 1048576K
}
Event: 3.899 GC heap after
{Heap after GC invocations=20 (full 0):
 garbage-first heap   total 495616K, used 149187K [0x000000060bc00000, 0x0000000800000000)
  region size 4096K, 3 young (12288K), 3 survivors (12288K)
 Metaspace       used 54534K, committed 55360K, reserved 1114112K
  class space    used 7285K, committed 7616K, reserved 1048576K
}
Event: 4.169 GC heap before
{Heap before GC invocations=20 (full 0):
 garbage-first heap   total 495616K, used 218819K [0x000000060bc00000, 0x0000000800000000)
  region size 4096K, 21 young (86016K), 3 survivors (12288K)
 Metaspace       used 60464K, committed 61248K, reserved 1114112K
  class space    used 8734K, committed 9088K, reserved 1048576K
}
Event: 4.174 GC heap after
{Heap after GC invocations=21 (full 0):
 garbage-first heap   total 495616K, used 150559K [0x000000060bc00000, 0x0000000800000000)
  region size 4096K, 3 young (12288K), 3 survivors (12288K)
 Metaspace       used 60464K, committed 61248K, reserved 1114112K
  class space    used 8734K, committed 9088K, reserved 1048576K
}
Event: 4.826 GC heap before
{Heap before GC invocations=22 (full 0):
 garbage-first heap   total 495616K, used 429087K [0x000000060bc00000, 0x0000000800000000)
  region size 4096K, 71 young (290816K), 3 survivors (12288K)
 Metaspace       used 71514K, committed 72448K, reserved 1114112K
  class space    used 11026K, committed 11456K, reserved 1048576K
}
Event: 4.835 GC heap after
{Heap after GC invocations=23 (full 0):
 garbage-first heap   total 495616K, used 165944K [0x000000060bc00000, 0x0000000800000000)
  region size 4096K, 7 young (28672K), 7 survivors (28672K)
 Metaspace       used 71514K, committed 72448K, reserved 1114112K
  class space    used 11026K, committed 11456K, reserved 1048576K
}
Event: 5.588 GC heap before
{Heap before GC invocations=23 (full 0):
 garbage-first heap   total 495616K, used 432184K [0x000000060bc00000, 0x0000000800000000)
  region size 4096K, 72 young (294912K), 7 survivors (28672K)
 Metaspace       used 91158K, committed 92160K, reserved 1179648K
  class space    used 13698K, committed 14144K, reserved 1048576K
}
Event: 5.601 GC heap after
{Heap after GC invocations=24 (full 0):
 garbage-first heap   total 495616K, used 175334K [0x000000060bc00000, 0x0000000800000000)
  region size 4096K, 8 young (32768K), 8 survivors (32768K)
 Metaspace       used 91158K, committed 92160K, reserved 1179648K
  class space    used 13698K, committed 14144K, reserved 1048576K
}
Event: 6.061 GC heap before
{Heap before GC invocations=24 (full 0):
 garbage-first heap   total 495616K, used 425190K [0x000000060bc00000, 0x0000000800000000)
  region size 4096K, 70 young (286720K), 8 survivors (32768K)
 Metaspace       used 100278K, committed 101376K, reserved 1179648K
  class space    used 15255K, committed 15744K, reserved 1048576K
}
Event: 6.073 GC heap after
{Heap after GC invocations=25 (full 0):
 garbage-first heap   total 495616K, used 193216K [0x000000060bc00000, 0x0000000800000000)
  region size 4096K, 8 young (32768K), 8 survivors (32768K)
 Metaspace       used 100278K, committed 101376K, reserved 1179648K
  class space    used 15255K, committed 15744K, reserved 1048576K
}
Event: 6.146 GC heap before
{Heap before GC invocations=25 (full 0):
 garbage-first heap   total 495616K, used 426688K [0x000000060bc00000, 0x0000000800000000)
  region size 4096K, 66 young (270336K), 8 survivors (32768K)
 Metaspace       used 100500K, committed 101632K, reserved 1179648K
  class space    used 15275K, committed 15744K, reserved 1048576K
}
Event: 6.154 GC heap after
{Heap after GC invocations=26 (full 0):
 garbage-first heap   total 598016K, used 200227K [0x000000060bc00000, 0x0000000800000000)
  region size 4096K, 7 young (28672K), 7 survivors (28672K)
 Metaspace       used 100500K, committed 101632K, reserved 1179648K
  class space    used 15275K, committed 15744K, reserved 1048576K
}
Event: 6.435 GC heap before
{Heap before GC invocations=27 (full 0):
 garbage-first heap   total 598016K, used 523811K [0x000000060bc00000, 0x0000000800000000)
  region size 4096K, 87 young (356352K), 7 survivors (28672K)
 Metaspace       used 100853K, committed 101952K, reserved 1179648K
  class space    used 15339K, committed 15808K, reserved 1048576K
}
Event: 6.443 GC heap after
{Heap after GC invocations=28 (full 0):
 garbage-first heap   total 598016K, used 216471K [0x000000060bc00000, 0x0000000800000000)
  region size 4096K, 11 young (45056K), 11 survivors (45056K)
 Metaspace       used 100853K, committed 101952K, reserved 1179648K
  class space    used 15339K, committed 15808K, reserved 1048576K
}
Event: 6.844 GC heap before
{Heap before GC invocations=28 (full 0):
 garbage-first heap   total 598016K, used 511383K [0x000000060bc00000, 0x0000000800000000)
  region size 4096K, 84 young (344064K), 11 survivors (45056K)
 Metaspace       used 101469K, committed 102592K, reserved 1179648K
  class space    used 15404K, committed 15872K, reserved 1048576K
}
Event: 6.865 GC heap after
{Heap after GC invocations=29 (full 0):
 garbage-first heap   total 606208K, used 252965K [0x000000060bc00000, 0x0000000800000000)
  region size 4096K, 11 young (45056K), 11 survivors (45056K)
 Metaspace       used 101469K, committed 102592K, reserved 1179648K
  class space    used 15404K, committed 15872K, reserved 1048576K
}

