# JRE version: OpenJDK Runtime Environment (21.0.7+6) (build 21.0.7+6)
# Java VM: OpenJDK 64-Bit Server VM (21.0.7+6, mixed mode, sharing, tiered, compressed oops, compressed class ptrs, g1 gc, linux-amd64)
GC Precious Log:
 CardTable entry size: 512
 Card Set container configuration: InlinePtr #cards 4 size 8 Array Of Cards #cards 32 size 80 Howl #buckets 8 coarsen threshold 7372 Howl Bitmap #cards 1024 size 144 coarsen threshold 921 Card regions per heap region 1 cards per card region 8192
 CPUs: 16 total, 16 available
 Memory: 32014M
 Large Page Support: Disabled
 NUMA Support: Disabled
 Compressed Oops: Enabled (Zero based)
 Heap Region Size: 4M
 Heap Min Capacity: 8M
 Heap Initial Capacity: 504M
 Heap Max Capacity: 8004M
 Pre-touch: Disabled
 Parallel Workers: 13
 Concurrent Workers: 3
 Concurrent Refinement Workers: 13
 Periodic GC: Disabled
Heap:
 garbage-first heap   total 1544192K, used 810653K [0x000000060bc00000, 0x0000000800000000)
  region size 4096K, 61 young (249856K), 13 survivors (53248K)
 Metaspace       used 134576K, committed 136000K, reserved 1179648K
  class space    used 19723K, committed 20352K, reserved 1048576K
GC Heap History (20 events):
Event: 48.363 GC heap before
{Heap before GC invocations=93 (full 0):
 garbage-first heap   total 1544192K, used 1395665K [0x000000060bc00000, 0x0000000800000000)
  region size 4096K, 199 young (815104K), 14 survivors (57344K)
 Metaspace       used 133801K, committed 135232K, reserved 1179648K
  class space    used 19625K, committed 20288K, reserved 1048576K
}
Event: 48.377 GC heap after
{Heap after GC invocations=94 (full 0):
 garbage-first heap   total 1544192K, used 634242K [0x000000060bc00000, 0x0000000800000000)
  region size 4096K, 13 young (53248K), 13 survivors (53248K)
 Metaspace       used 133801K, committed 135232K, reserved 1179648K
  class space    used 19625K, committed 20288K, reserved 1048576K
}
Event: 50.596 GC heap before
{Heap before GC invocations=94 (full 0):
 garbage-first heap   total 1544192K, used 1400194K [0x000000060bc00000, 0x0000000800000000)
  region size 4096K, 201 young (823296K), 13 survivors (53248K)
 Metaspace       used 133837K, committed 135296K, reserved 1179648K
  class space    used 19628K, committed 20288K, reserved 1048576K
}
Event: 50.608 GC heap after
{Heap after GC invocations=95 (full 0):
 garbage-first heap   total 1544192K, used 640749K [0x000000060bc00000, 0x0000000800000000)
  region size 4096K, 14 young (57344K), 14 survivors (57344K)
 Metaspace       used 133837K, committed 135296K, reserved 1179648K
  class space    used 19628K, committed 20288K, reserved 1048576K
}
Event: 51.216 GC heap before
{Heap before GC invocations=96 (full 0):
 garbage-first heap   total 1544192K, used 1398509K [0x000000060bc00000, 0x0000000800000000)
  region size 4096K, 200 young (819200K), 14 survivors (57344K)
 Metaspace       used 133869K, committed 135360K, reserved 1179648K
  class space    used 19628K, committed 20288K, reserved 1048576K
}
Event: 51.226 GC heap after
{Heap after GC invocations=97 (full 0):
 garbage-first heap   total 1544192K, used 645094K [0x000000060bc00000, 0x0000000800000000)
  region size 4096K, 15 young (61440K), 15 survivors (61440K)
 Metaspace       used 133869K, committed 135360K, reserved 1179648K
  class space    used 19628K, committed 20288K, reserved 1048576K
}
Event: 51.909 GC heap before
{Heap before GC invocations=97 (full 0):
 garbage-first heap   total 1544192K, used 1394662K [0x000000060bc00000, 0x0000000800000000)
  region size 4096K, 199 young (815104K), 15 survivors (61440K)
 Metaspace       used 133910K, committed 135360K, reserved 1179648K
  class space    used 19635K, committed 20288K, reserved 1048576K
}
Event: 51.925 GC heap after
{Heap after GC invocations=98 (full 0):
 garbage-first heap   total 1544192K, used 637127K [0x000000060bc00000, 0x0000000800000000)
  region size 4096K, 14 young (57344K), 14 survivors (57344K)
 Metaspace       used 133910K, committed 135360K, reserved 1179648K
  class space    used 19635K, committed 20288K, reserved 1048576K
}
Event: 53.856 GC heap before
{Heap before GC invocations=98 (full 0):
 garbage-first heap   total 1544192K, used 1398983K [0x000000060bc00000, 0x0000000800000000)
  region size 4096K, 201 young (823296K), 14 survivors (57344K)
 Metaspace       used 134044K, committed 135488K, reserved 1179648K
  class space    used 19659K, committed 20288K, reserved 1048576K
}
Event: 53.865 GC heap after
{Heap after GC invocations=99 (full 0):
 garbage-first heap   total 1544192K, used 639571K [0x000000060bc00000, 0x0000000800000000)
  region size 4096K, 15 young (61440K), 15 survivors (61440K)
 Metaspace       used 134044K, committed 135488K, reserved 1179648K
  class space    used 19659K, committed 20288K, reserved 1048576K
}
Event: 56.609 GC heap before
{Heap before GC invocations=100 (full 0):
 garbage-first heap   total 1544192K, used 1393235K [0x000000060bc00000, 0x0000000800000000)
  region size 4096K, 200 young (819200K), 15 survivors (61440K)
 Metaspace       used 134071K, committed 135488K, reserved 1179648K
  class space    used 19660K, committed 20288K, reserved 1048576K
}
Event: 56.619 GC heap after
{Heap after GC invocations=101 (full 0):
 garbage-first heap   total 1544192K, used 643076K [0x000000060bc00000, 0x0000000800000000)
  region size 4096K, 14 young (57344K), 14 survivors (57344K)
 Metaspace       used 134071K, committed 135488K, reserved 1179648K
  class space    used 19660K, committed 20288K, reserved 1048576K
}
Event: 61.097 GC heap before
{Heap before GC invocations=101 (full 0):
 garbage-first heap   total 1544192K, used 1396740K [0x000000060bc00000, 0x0000000800000000)
  region size 4096K, 199 young (815104K), 14 survivors (57344K)
 Metaspace       used 134120K, committed 135552K, reserved 1179648K
  class space    used 19660K, committed 20288K, reserved 1048576K
}
Event: 61.111 GC heap after
{Heap after GC invocations=102 (full 0):
 garbage-first heap   total 1544192K, used 635344K [0x000000060bc00000, 0x0000000800000000)
  region size 4096K, 14 young (57344K), 14 survivors (57344K)
 Metaspace       used 134120K, committed 135552K, reserved 1179648K
  class space    used 19660K, committed 20288K, reserved 1048576K
}
Event: 63.707 GC heap before
{Heap before GC invocations=102 (full 0):
 garbage-first heap   total 1544192K, used 1397200K [0x000000060bc00000, 0x0000000800000000)
  region size 4096K, 201 young (823296K), 14 survivors (57344K)
 Metaspace       used 134142K, committed 135552K, reserved 1179648K
  class space    used 19660K, committed 20288K, reserved 1048576K
}
Event: 63.718 GC heap after
{Heap after GC invocations=103 (full 0):
 garbage-first heap   total 1544192K, used 637807K [0x000000060bc00000, 0x0000000800000000)
  region size 4096K, 14 young (57344K), 14 survivors (57344K)
 Metaspace       used 134142K, committed 135552K, reserved 1179648K
  class space    used 19660K, committed 20288K, reserved 1048576K
}
Event: 68.563 GC heap before
{Heap before GC invocations=104 (full 0):
 garbage-first heap   total 1544192K, used 1399663K [0x000000060bc00000, 0x0000000800000000)
  region size 4096K, 201 young (823296K), 14 survivors (57344K)
 Metaspace       used 134364K, committed 135808K, reserved 1179648K
  class space    used 19685K, committed 20352K, reserved 1048576K
}
Event: 68.574 GC heap after
{Heap after GC invocations=105 (full 0):
 garbage-first heap   total 1544192K, used 637222K [0x000000060bc00000, 0x0000000800000000)
  region size 4096K, 14 young (57344K), 14 survivors (57344K)
 Metaspace       used 134364K, committed 135808K, reserved 1179648K
  class space    used 19685K, committed 20352K, reserved 1048576K
}
Event: 69.177 GC heap before
{Heap before GC invocations=105 (full 0):
 garbage-first heap   total 1544192K, used 1399078K [0x000000060bc00000, 0x0000000800000000)
  region size 4096K, 201 young (823296K), 14 survivors (57344K)
 Metaspace       used 134413K, committed 135872K, reserved 1179648K
  class space    used 19688K, committed 20352K, reserved 1048576K
}
Event: 69.192 GC heap after
{Heap after GC invocations=106 (full 0):
 garbage-first heap   total 1544192K, used 622237K [0x000000060bc00000, 0x0000000800000000)
  region size 4096K, 13 young (53248K), 13 survivors (53248K)
 Metaspace       used 134413K, committed 135872K, reserved 1179648K
  class space    used 19688K, committed 20352K, reserved 1048576K
}

