# JRE version: OpenJDK Runtime Environment (21.0.7+6) (build 21.0.7+6)
# Java VM: OpenJDK 64-Bit Server VM (21.0.7+6, mixed mode, sharing, tiered, compressed oops, compressed class ptrs, g1 gc, linux-amd64)
GC Precious Log:
 CardTable entry size: 512
 Card Set container configuration: InlinePtr #cards 4 size 8 Array Of Cards #cards 32 size 80 Howl #buckets 8 coarsen threshold 7372 Howl Bitmap #cards 1024 size 144 coarsen threshold 921 Card regions per heap region 1 cards per card region 8192
 CPUs: 16 total, 16 available
 Memory: 32014M
 Large Page Support: Disabled
 NUMA Support: Disabled
 Compressed Oops: Enabled (Zero based)
 Heap Region Size: 4M
 Heap Min Capacity: 8M
 Heap Initial Capacity: 504M
 Heap Max Capacity: 8004M
 Pre-touch: Disabled
 Parallel Workers: 13
 Concurrent Workers: 3
 Concurrent Refinement Workers: 13
 Periodic GC: Disabled
Heap:
 garbage-first heap   total 577536K, used 345196K [0x000000060bc00000, 0x0000000800000000)
  region size 4096K, 31 young (126976K), 10 survivors (40960K)
 Metaspace       used 105701K, committed 106816K, reserved 1179648K
  class space    used 15959K, committed 16448K, reserved 1048576K
GC Heap History (20 events):
Event: 3.230 GC heap before
{Heap before GC invocations=20 (full 0):
 garbage-first heap   total 294912K, used 246754K [0x000000060bc00000, 0x0000000800000000)
  region size 4096K, 38 young (155648K), 6 survivors (24576K)
 Metaspace       used 48246K, committed 49024K, reserved 1114112K
  class space    used 6309K, committed 6656K, reserved 1048576K
}
Event: 3.245 GC heap after
{Heap after GC invocations=21 (full 0):
 garbage-first heap   total 421888K, used 131591K [0x000000060bc00000, 0x0000000800000000)
  region size 4096K, 4 young (16384K), 4 survivors (16384K)
 Metaspace       used 48246K, committed 49024K, reserved 1114112K
  class space    used 6309K, committed 6656K, reserved 1048576K
}
Event: 3.783 GC heap before
{Heap before GC invocations=21 (full 0):
 garbage-first heap   total 421888K, used 356871K [0x000000060bc00000, 0x0000000800000000)
  region size 4096K, 60 young (245760K), 4 survivors (16384K)
 Metaspace       used 54346K, committed 55104K, reserved 1114112K
  class space    used 7235K, committed 7552K, reserved 1048576K
}
Event: 3.793 GC heap after
{Heap after GC invocations=22 (full 0):
 garbage-first heap   total 421888K, used 148993K [0x000000060bc00000, 0x0000000800000000)
  region size 4096K, 8 young (32768K), 8 survivors (32768K)
 Metaspace       used 54346K, committed 55104K, reserved 1114112K
  class space    used 7235K, committed 7552K, reserved 1048576K
}
Event: 4.041 GC heap before
{Heap before GC invocations=22 (full 0):
 garbage-first heap   total 421888K, used 210433K [0x000000060bc00000, 0x0000000800000000)
  region size 4096K, 24 young (98304K), 8 survivors (32768K)
 Metaspace       used 60309K, committed 61120K, reserved 1114112K
  class space    used 8717K, committed 9088K, reserved 1048576K
}
Event: 4.049 GC heap after
{Heap after GC invocations=23 (full 0):
 garbage-first heap   total 421888K, used 152381K [0x000000060bc00000, 0x0000000800000000)
  region size 4096K, 6 young (24576K), 6 survivors (24576K)
 Metaspace       used 60309K, committed 61120K, reserved 1114112K
  class space    used 8717K, committed 9088K, reserved 1048576K
}
Event: 4.505 GC heap before
{Heap before GC invocations=24 (full 0):
 garbage-first heap   total 421888K, used 365373K [0x000000060bc00000, 0x0000000800000000)
  region size 4096K, 58 young (237568K), 6 survivors (24576K)
 Metaspace       used 65417K, committed 66240K, reserved 1114112K
  class space    used 9734K, committed 10112K, reserved 1048576K
}
Event: 4.514 GC heap after
{Heap after GC invocations=25 (full 0):
 garbage-first heap   total 421888K, used 165009K [0x000000060bc00000, 0x0000000800000000)
  region size 4096K, 4 young (16384K), 4 survivors (16384K)
 Metaspace       used 65417K, committed 66240K, reserved 1114112K
  class space    used 9734K, committed 10112K, reserved 1048576K
}
Event: 5.201 GC heap before
{Heap before GC invocations=25 (full 0):
 garbage-first heap   total 421888K, used 373905K [0x000000060bc00000, 0x0000000800000000)
  region size 4096K, 55 young (225280K), 4 survivors (16384K)
 Metaspace       used 77609K, committed 78528K, reserved 1179648K
  class space    used 12010K, committed 12416K, reserved 1048576K
}
Event: 5.210 GC heap after
{Heap after GC invocations=26 (full 0):
 garbage-first heap   total 421888K, used 175535K [0x000000060bc00000, 0x0000000800000000)
  region size 4096K, 7 young (28672K), 7 survivors (28672K)
 Metaspace       used 77609K, committed 78528K, reserved 1179648K
  class space    used 12010K, committed 12416K, reserved 1048576K
}
Event: 5.792 GC heap before
{Heap before GC invocations=26 (full 0):
 garbage-first heap   total 421888K, used 359855K [0x000000060bc00000, 0x0000000800000000)
  region size 4096K, 53 young (217088K), 7 survivors (28672K)
 Metaspace       used 95155K, committed 96192K, reserved 1179648K
  class space    used 14386K, committed 14848K, reserved 1048576K
}
Event: 5.803 GC heap after
{Heap after GC invocations=27 (full 0):
 garbage-first heap   total 561152K, used 182098K [0x000000060bc00000, 0x0000000800000000)
  region size 4096K, 5 young (20480K), 5 survivors (20480K)
 Metaspace       used 95155K, committed 96192K, reserved 1179648K
  class space    used 14386K, committed 14848K, reserved 1048576K
}
Event: 6.104 GC heap before
{Heap before GC invocations=27 (full 0):
 garbage-first heap   total 561152K, used 493394K [0x000000060bc00000, 0x0000000800000000)
  region size 4096K, 82 young (335872K), 5 survivors (20480K)
 Metaspace       used 100442K, committed 101632K, reserved 1179648K
  class space    used 15264K, committed 15808K, reserved 1048576K
}
Event: 6.113 GC heap after
{Heap after GC invocations=28 (full 0):
 garbage-first heap   total 561152K, used 200239K [0x000000060bc00000, 0x0000000800000000)
  region size 4096K, 10 young (40960K), 10 survivors (40960K)
 Metaspace       used 100442K, committed 101632K, reserved 1179648K
  class space    used 15264K, committed 15808K, reserved 1048576K
}
Event: 6.305 GC heap before
{Heap before GC invocations=28 (full 0):
 garbage-first heap   total 561152K, used 478767K [0x000000060bc00000, 0x0000000800000000)
  region size 4096K, 79 young (323584K), 10 survivors (40960K)
 Metaspace       used 100946K, committed 102080K, reserved 1179648K
  class space    used 15339K, committed 15872K, reserved 1048576K
}
Event: 6.314 GC heap after
{Heap after GC invocations=29 (full 0):
 garbage-first heap   total 561152K, used 212353K [0x000000060bc00000, 0x0000000800000000)
  region size 4096K, 8 young (32768K), 8 survivors (32768K)
 Metaspace       used 100946K, committed 102080K, reserved 1179648K
  class space    used 15339K, committed 15872K, reserved 1048576K
}
Event: 6.480 GC heap before
{Heap before GC invocations=29 (full 0):
 garbage-first heap   total 561152K, used 441729K [0x000000060bc00000, 0x0000000800000000)
  region size 4096K, 65 young (266240K), 8 survivors (32768K)
 Metaspace       used 101228K, committed 102336K, reserved 1179648K
  class space    used 15363K, committed 15872K, reserved 1048576K
}
Event: 6.486 GC heap after
{Heap after GC invocations=30 (full 0):
 garbage-first heap   total 561152K, used 213268K [0x000000060bc00000, 0x0000000800000000)
  region size 4096K, 6 young (24576K), 6 survivors (24576K)
 Metaspace       used 101228K, committed 102336K, reserved 1179648K
  class space    used 15363K, committed 15872K, reserved 1048576K
}
Event: 7.062 GC heap before
{Heap before GC invocations=31 (full 0):
 garbage-first heap   total 561152K, used 495892K [0x000000060bc00000, 0x0000000800000000)
  region size 4096K, 76 young (311296K), 6 survivors (24576K)
 Metaspace       used 103718K, committed 104832K, reserved 1179648K
  class space    used 15753K, committed 16256K, reserved 1048576K
}
Event: 7.080 GC heap after
{Heap after GC invocations=32 (full 0):
 garbage-first heap   total 577536K, used 263276K [0x000000060bc00000, 0x0000000800000000)
  region size 4096K, 10 young (40960K), 10 survivors (40960K)
 Metaspace       used 103718K, committed 104832K, reserved 1179648K
  class space    used 15753K, committed 16256K, reserved 1048576K
}

